Generated at 2014-10-06 16:40:49 +0100
Chef::Exceptions::CookbookNotFound: Cookbook ms_dotnet45 not found. If you're loading ms_dotnet45 from another cookbook, make sure you configure the dependency in your metadata
C:/@Git-Luke/ChefPersonalCookbook/gems/ruby/1.9.1/gems/chef-11.16.2-x86-mingw32/lib/chef/cookbook/cookbook_collection.rb:38:in `block in initialize'
C:/@Git-Luke/ChefPersonalCookbook/gems/ruby/1.9.1/gems/ohai-7.4.0/lib/ohai/mash.rb:77:in `yield'
C:/@Git-Luke/ChefPersonalCookbook/gems/ruby/1.9.1/gems/ohai-7.4.0/lib/ohai/mash.rb:77:in `default'
C:/@Git-Luke/ChefPersonalCookbook/gems/ruby/1.9.1/gems/ohai-7.4.0/lib/ohai/mash.rb:77:in `default'
C:/@Git-Luke/ChefPersonalCookbook/gems/ruby/1.9.1/gems/chef-11.16.2-x86-mingw32/lib/chef/run_context/cookbook_compiler.rb:277:in `[]'
C:/@Git-Luke/ChefPersonalCookbook/gems/ruby/1.9.1/gems/chef-11.16.2-x86-mingw32/lib/chef/run_context/cookbook_compiler.rb:277:in `each_cookbook_dep'
C:/@Git-Luke/ChefPersonalCookbook/gems/ruby/1.9.1/gems/chef-11.16.2-x86-mingw32/lib/chef/run_context/cookbook_compiler.rb:255:in `add_cookbook_with_deps'
C:/@Git-Luke/ChefPersonalCookbook/gems/ruby/1.9.1/gems/chef-11.16.2-x86-mingw32/lib/chef/run_context/cookbook_compiler.rb:88:in `block in cookbook_order'
C:/@Git-Luke/ChefPersonalCookbook/gems/ruby/1.9.1/gems/chef-11.16.2-x86-mingw32/lib/chef/run_context/cookbook_compiler.rb:86:in `each'
C:/@Git-Luke/ChefPersonalCookbook/gems/ruby/1.9.1/gems/chef-11.16.2-x86-mingw32/lib/chef/run_context/cookbook_compiler.rb:86:in `cookbook_order'
C:/@Git-Luke/ChefPersonalCookbook/gems/ruby/1.9.1/gems/chef-11.16.2-x86-mingw32/lib/chef/run_context/cookbook_compiler.rb:98:in `compile_libraries'
C:/@Git-Luke/ChefPersonalCookbook/gems/ruby/1.9.1/gems/chef-11.16.2-x86-mingw32/lib/chef/run_context/cookbook_compiler.rb:71:in `compile'
C:/@Git-Luke/ChefPersonalCookbook/gems/ruby/1.9.1/gems/chef-11.16.2-x86-mingw32/lib/chef/run_context.rb:89:in `load'
C:/@Git-Luke/ChefPersonalCookbook/gems/ruby/1.9.1/gems/chef-11.16.2-x86-mingw32/lib/chef/policy_builder/expand_node_object.rb:73:in `setup_run_context'
C:/@Git-Luke/ChefPersonalCookbook/gems/ruby/1.9.1/gems/chef-11.16.2-x86-mingw32/lib/chef/client.rb:265:in `setup_run_context'
C:/@Git-Luke/ChefPersonalCookbook/gems/ruby/1.9.1/gems/chef-11.16.2-x86-mingw32/lib/chef/client.rb:429:in `do_run'
C:/@Git-Luke/ChefPersonalCookbook/gems/ruby/1.9.1/gems/chef-11.16.2-x86-mingw32/lib/chef/client.rb:227:in `run'
C:/@Git-Luke/ChefPersonalCookbook/gems/ruby/1.9.1/gems/chef-11.16.2-x86-mingw32/lib/chef/application.rb:236:in `run_chef_client'
C:/@Git-Luke/ChefPersonalCookbook/gems/ruby/1.9.1/gems/chef-11.16.2-x86-mingw32/lib/chef/application/solo.rb:226:in `block in run_application'
C:/@Git-Luke/ChefPersonalCookbook/gems/ruby/1.9.1/gems/chef-11.16.2-x86-mingw32/lib/chef/application/solo.rb:218:in `loop'
C:/@Git-Luke/ChefPersonalCookbook/gems/ruby/1.9.1/gems/chef-11.16.2-x86-mingw32/lib/chef/application/solo.rb:218:in `run_application'
C:/@Git-Luke/ChefPersonalCookbook/gems/ruby/1.9.1/gems/chef-11.16.2-x86-mingw32/lib/chef/application.rb:55:in `run'
C:/@Git-Luke/ChefPersonalCookbook/gems/ruby/1.9.1/gems/chef-11.16.2-x86-mingw32/bin/chef-solo:25:in `<top (required)>'
C:/@Git-Luke/ChefPersonalCookbook/gems/ruby/1.9.1/bin/chef-solo:23:in `load'
C:/@Git-Luke/ChefPersonalCookbook/gems/ruby/1.9.1/bin/chef-solo:23:in `<main>'